2015-04-30 12:06:54PM INFO: Starting up pidrator engine.
2015-04-30 12:06:59PM INFO: Shutting down pidrator engine.
2015-05-01 12:57:46PM INFO: Starting up pidrator engine.
2015-05-01 12:57:46PM INFO: Powertail not found.
2015-05-01 12:59:00PM INFO: Starting up pidrator engine.
2015-05-01 12:59:00PM INFO: Powertail not found.
2015-05-01 12:59:23PM INFO: Starting up pidrator engine.
2015-05-01 12:59:23PM INFO: Powertail not found.
2015-05-01 01:00:01PM INFO: Starting up pidrator engine.
2015-05-01 01:00:01PM INFO: Powertail not found.
2015-05-01 01:00:12PM INFO: Powertail turned ON successfully.
2015-05-01 01:00:17PM INFO: Powertail turned OFF successfully.
2015-05-01 01:00:17PM INFO: Powertail turned ON successfully.
2015-05-01 01:00:41PM INFO: Starting up pidrator engine.
2015-05-01 01:00:41PM INFO: Powertail not found.
2015-05-01 01:01:41PM INFO: Powertail turned ON successfully.
2015-05-01 01:01:46PM INFO: Powertail turned OFF successfully.
2015-05-01 01:01:46PM INFO: Powertail turned ON successfully.
2015-05-01 04:10:29PM INFO: Starting up pidrator engine.
2015-05-01 04:10:29PM INFO: Powertail not found.
2015-05-01 04:13:58PM INFO: Starting up pidrator engine.
2015-05-01 04:13:58PM INFO: Powertail not found.
2015-05-01 04:14:23PM INFO: Starting up pidrator engine.
2015-05-01 04:14:23PM INFO: Powertail not found.
2015-05-01 04:20:52PM INFO: Starting up pidrator engine.
2015-05-01 04:20:52PM INFO: Powertail not found.
2015-05-01 04:21:37PM INFO: Starting up pidrator engine.
2015-05-01 04:21:37PM INFO: Powertail not found.
2015-05-01 04:23:51PM INFO: Starting up pidrator engine.
2015-05-01 04:23:51PM INFO: Powertail not found.
2015-05-01 04:38:07PM INFO: Starting up pidrator engine.
2015-05-01 04:38:07PM INFO: Powertail not found.
2015-05-01 04:38:44PM INFO: Starting up pidrator engine.
2015-05-01 04:38:45PM INFO: Powertail not found.
2015-05-01 04:39:31PM INFO: Starting up pidrator engine.
2015-05-01 04:39:31PM INFO: Powertail not found.
2015-05-01 04:41:53PM INFO: Starting up pidrator engine.
2015-05-01 04:41:54PM INFO: Powertail not found.
